c:\users\officialzapy\desktop\csgo multihack\csgo multihack\release\color.obj
c:\users\officialzapy\desktop\csgo multihack\csgo multihack\release\imgui.obj
c:\users\officialzapy\desktop\csgo multihack\csgo multihack\release\imgui_tables.obj
c:\users\officialzapy\desktop\csgo multihack\csgo multihack\release\gui.obj
c:\users\officialzapy\desktop\csgo multihack\csgo multihack\release\imgui_impl_dx9.obj
c:\users\officialzapy\desktop\csgo multihack\csgo multihack\release\imgui_impl_win32.obj
c:\users\officialzapy\desktop\csgo multihack\csgo multihack\release\imgui_demo.obj
c:\users\officialzapy\desktop\csgo multihack\csgo multihack\release\main.obj
c:\users\officialzapy\desktop\csgo multihack\csgo multihack\release\imgui_draw.obj
c:\users\officialzapy\desktop\csgo multihack\csgo multihack\release\imgui_widgets.obj
c:\users\officialzapy\desktop\csgo multihack\csgo multihack\release\vc143.pdb
c:\users\officialzapy\desktop\csgo multihack\release\csgo multihack.exe
c:\users\officialzapy\desktop\csgo multihack\csgo multihack\release\csgo multihack.ipdb
c:\users\officialzapy\desktop\csgo multihack\csgo multihack\release\csgo multihack.iobj
c:\users\officialzapy\desktop\csgo multihack\release\csgo multihack.pdb
c:\users\officialzapy\desktop\csgo multihack\csgo multihack\release\csgo multihack.res
c:\users\officialzapy\desktop\csgo multihack\csgo multihack\release\csgo multihack.tlog\cl.12632.write.1.tlog
c:\users\officialzapy\desktop\csgo multihack\csgo multihack\release\csgo multihack.tlog\cl.command.1.tlog
c:\users\officialzapy\desktop\csgo multihack\csgo multihack\release\csgo multihack.tlog\cl.read.1.tlog
c:\users\officialzapy\desktop\csgo multihack\csgo multihack\release\csgo multihack.tlog\link.command.1.tlog
c:\users\officialzapy\desktop\csgo multihack\csgo multihack\release\csgo multihack.tlog\link.read.1.tlog
c:\users\officialzapy\desktop\csgo multihack\csgo multihack\release\csgo multihack.tlog\link.write.1.tlog
c:\users\officialzapy\desktop\csgo multihack\csgo multihack\release\csgo multihack.tlog\rc.command.1.tlog
c:\users\officialzapy\desktop\csgo multihack\csgo multihack\release\csgo multihack.tlog\rc.read.1.tlog
c:\users\officialzapy\desktop\csgo multihack\csgo multihack\release\csgo multihack.tlog\rc.write.1.tlog
